<?xml version="1.0" encoding="UTF-8"?>
<!-- Generated by org.testng.reporters.JUnitReportReporter -->
<testsuite hostname="DESKTOP-4LALQCU" failures="0" tests="3" name="day42.LoginTest" time="0.022" errors="0" timestamp="2024-08-25T20:40:43 IST" skipped="0">
  <testcase classname="day42.LoginTest" name="loginByEmail" time="0.014"/>
  <system-out/>
  <testcase classname="day42.LoginTest" name="loginByFacebook" time="0.003"/>
  <system-out/>
  <testcase classname="day42.LoginTest" name="loginBytwitter" time="0.005"/>
  <system-out/>
</testsuite> <!-- day42.LoginTest -->
