<?xml version="1.0" encoding="UTF-8"?>
<!-- Generated by org.testng.reporters.JUnitReportReporter -->
<testsuite hostname="DESKTOP-4LALQCU" failures="0" tests="2" name="day42.PaymentTests" time="0.007" errors="0" timestamp="2024-08-25T20:40:43 IST" skipped="0">
  <testcase classname="day42.PaymentTests" name="paymentinRupees" time="0.003"/>
  <system-out/>
  <testcase classname="day42.PaymentTests" name="paymentinDollars" time="0.004"/>
  <system-out/>
</testsuite> <!-- day42.PaymentTests -->
