<?xml version="1.0" encoding="UTF-8"?>
<!-- Generated by org.testng.reporters.JUnitReportReporter -->
<testsuite hostname="DESKTOP-4LALQCU" failures="0" tests="1" name="day45.DataProvideDemo" time="8.418" errors="0" timestamp="2024-11-16T14:43:21 IST" skipped="0">
  <testcase classname="day45.DataProvideDemo" name="testLogin" time="8.418"/>
  <system-out/>
</testsuite> <!-- day45.DataProvideDemo -->
