<?xml version="1.0" encoding="UTF-8"?>
<!-- Generated by org.testng.reporters.JUnitReportReporter -->
<testsuite hostname="DESKTOP-4LALQCU" failures="0" tests="6" name="day45.ParamTest" time="0.240" errors="0" timestamp="2024-11-16T15:13:31 IST" skipped="0">
  <testcase classname="day45.ParamTest" name="TestLogo" time="0.091"/>
  <system-out/>
  <testcase classname="day45.ParamTest" name="TestLogo" time="0.082"/>
  <system-out/>
  <testcase classname="day45.ParamTest" name="testTitle" time="0.012"/>
  <system-out/>
  <testcase classname="day45.ParamTest" name="testTitle" time="0.015"/>
  <system-out/>
  <testcase classname="day45.ParamTest" name="testURL" time="0.012"/>
  <system-out/>
  <testcase classname="day45.ParamTest" name="testURL" time="0.028"/>
  <system-out/>
</testsuite> <!-- day45.ParamTest -->
