<?xml version="1.0" encoding="UTF-8"?>
<!-- Generated by org.testng.reporters.JUnitReportReporter -->
<testsuite hostname="DESKTOP-4LALQCU" failures="0" tests="1" name="day47.LoginTest" time="2.490" errors="0" timestamp="2024-11-17T19:57:47 IST" skipped="0">
  <testcase classname="day47.LoginTest" name="testLogin" time="2.490"/>
  <system-out/>
</testsuite> <!-- day47.LoginTest -->
